<?xml version="1.0" encoding="UTF-8"?>
<!-- Generated by org.testng.reporters.JUnitReportReporter -->
<testsuite hostname="USBLRPKATARIAS1" name="com.company.Mainpackag.Delta" tests="2" failures="0" timestamp="11 Sep 2016 21:49:45 GMT" time="18.286" errors="0">
  <testcase name="ScenarioName3" time="5.183" classname="com.company.Mainpackag.Delta"/>
  <testcase name="ScenarioName3" time="13.103" classname="com.company.Mainpackag.Delta"/>
</testsuite> <!-- com.company.Mainpackag.Delta -->
